2024-03-24 23:37:49 0 [Note] Starting MariaDB 10.4.32-MariaDB source revision c4143f909528e3fab0677a28631d10389354c491 as process 7440
2024-03-24 23:37:49 0 [Note] InnoDB: Mutexes and rw_locks use Windows interlocked functions
2024-03-24 23:37:49 0 [Note] InnoDB: Uses event mutexes
2024-03-24 23:37:49 0 [Note] InnoDB: Compressed tables use zlib 1.3
2024-03-24 23:37:49 0 [Note] InnoDB: Number of pools: 1
2024-03-24 23:37:49 0 [Note] InnoDB: Using SSE2 crc32 instructions
2024-03-24 23:37:49 0 [Note] InnoDB: Initializing buffer pool, total size = 16M, instances = 1, chunk size = 16M
2024-03-24 23:37:49 0 [Note] InnoDB: Completed initialization of buffer pool
2024-03-24 23:37:49 0 [Note] InnoDB: Starting crash recovery from checkpoint LSN=300288
2024-03-24 23:37:50 0 [Note] InnoDB: 128 out of 128 rollback segments are active.
2024-03-24 23:37:50 0 [Note] InnoDB: Removed temporary tablespace data file: "ibtmp1"
2024-03-24 23:37:50 0 [Note] InnoDB: Creating shared tablespace for temporary tables
2024-03-24 23:37:50 0 [Note] InnoDB: Setting file 'C:\xampp\mysql\data\ibtmp1' size to 12 MB. Physically writing the file full; Please wait ...
2024-03-24 23:37:50 0 [Note] InnoDB: File 'C:\xampp\mysql\data\ibtmp1' size is now 12 MB.
2024-03-24 23:37:50 0 [Note] InnoDB: Waiting for purge to start
2024-03-24 23:37:50 0 [Note] InnoDB: 10.4.32 started; log sequence number 300297; transaction id 170
2024-03-24 23:37:50 0 [Note] Plugin 'FEEDBACK' is disabled.
2024-03-24 23:37:50 0 [Note] InnoDB: Loading buffer pool(s) from C:\xampp\mysql\data\ib_buffer_pool
2024-03-24 23:37:50 0 [Note] InnoDB: Buffer pool(s) load completed at 240324 23:37:50
2024-03-24 23:37:50 0 [Note] Server socket created on IP: '::'.
2024-03-24 23:51:58 0 [Note] Starting MariaDB 10.4.32-MariaDB source revision c4143f909528e3fab0677a28631d10389354c491 as process 6508
2024-03-24 23:51:58 0 [Note] InnoDB: Mutexes and rw_locks use Windows interlocked functions
2024-03-24 23:51:58 0 [Note] InnoDB: Uses event mutexes
2024-03-24 23:51:58 0 [Note] InnoDB: Compressed tables use zlib 1.3
2024-03-24 23:51:58 0 [Note] InnoDB: Number of pools: 1
2024-03-24 23:51:58 0 [Note] InnoDB: Using SSE2 crc32 instructions
2024-03-24 23:51:58 0 [Note] InnoDB: Initializing buffer pool, total size = 16M, instances = 1, chunk size = 16M
2024-03-24 23:51:58 0 [Note] InnoDB: Completed initialization of buffer pool
2024-03-24 23:51:58 0 [Note] InnoDB: Starting crash recovery from checkpoint LSN=300306
2024-03-24 23:51:58 0 [Note] InnoDB: Starting final batch to recover 1 pages from redo log.
2024-03-24 23:51:59 0 [Note] InnoDB: 128 out of 128 rollback segments are active.
2024-03-24 23:51:59 0 [Note] InnoDB: Removed temporary tablespace data file: "ibtmp1"
2024-03-24 23:51:59 0 [Note] InnoDB: Creating shared tablespace for temporary tables
2024-03-24 23:51:59 0 [Note] InnoDB: Setting file 'C:\xampp\mysql\data\ibtmp1' size to 12 MB. Physically writing the file full; Please wait ...
2024-03-24 23:51:59 0 [Note] InnoDB: File 'C:\xampp\mysql\data\ibtmp1' size is now 12 MB.
2024-03-24 23:51:59 0 [Note] InnoDB: Waiting for purge to start
2024-03-24 23:51:59 0 [Note] InnoDB: 10.4.32 started; log sequence number 300675; transaction id 193
2024-03-24 23:51:59 0 [Note] InnoDB: Loading buffer pool(s) from C:\xampp\mysql\data\ib_buffer_pool
2024-03-24 23:51:59 0 [Note] Plugin 'FEEDBACK' is disabled.
2024-03-24 23:51:59 0 [Note] InnoDB: Buffer pool(s) load completed at 240324 23:51:59
2024-03-24 23:51:59 0 [Note] Server socket created on IP: '::'.
2024-03-25 13:28:02 0 [Note] Starting MariaDB 10.4.32-MariaDB source revision c4143f909528e3fab0677a28631d10389354c491 as process 11396
2024-03-25 13:28:02 0 [Note] InnoDB: Mutexes and rw_locks use Windows interlocked functions
2024-03-25 13:28:02 0 [Note] InnoDB: Uses event mutexes
2024-03-25 13:28:02 0 [Note] InnoDB: Compressed tables use zlib 1.3
2024-03-25 13:28:02 0 [Note] InnoDB: Number of pools: 1
2024-03-25 13:28:02 0 [Note] InnoDB: Using SSE2 crc32 instructions
2024-03-25 13:28:02 0 [Note] InnoDB: Initializing buffer pool, total size = 16M, instances = 1, chunk size = 16M
2024-03-25 13:28:02 0 [Note] InnoDB: Completed initialization of buffer pool
2024-03-25 13:28:02 0 [Note] InnoDB: Starting crash recovery from checkpoint LSN=365877
2024-03-25 13:28:02 0 [Note] InnoDB: 128 out of 128 rollback segments are active.
2024-03-25 13:28:02 0 [Note] InnoDB: Removed temporary tablespace data file: "ibtmp1"
2024-03-25 13:28:02 0 [Note] InnoDB: Creating shared tablespace for temporary tables
2024-03-25 13:28:02 0 [Note] InnoDB: Setting file 'C:\xampp\mysql\data\ibtmp1' size to 12 MB. Physically writing the file full; Please wait ...
2024-03-25 13:28:02 0 [Note] InnoDB: File 'C:\xampp\mysql\data\ibtmp1' size is now 12 MB.
2024-03-25 13:28:02 0 [Note] InnoDB: Waiting for purge to start
2024-03-25 13:28:03 0 [Note] InnoDB: 10.4.32 started; log sequence number 365886; transaction id 338
2024-03-25 13:28:03 0 [Note] InnoDB: Loading buffer pool(s) from C:\xampp\mysql\data\ib_buffer_pool
2024-03-25 13:28:03 0 [Note] Plugin 'FEEDBACK' is disabled.
2024-03-25 13:28:03 0 [Note] InnoDB: Buffer pool(s) load completed at 240325 13:28:03
2024-03-25 13:28:03 0 [Note] Server socket created on IP: '::'.
2024-03-25 14:59:52 0 [Note] Starting MariaDB 10.4.32-MariaDB source revision c4143f909528e3fab0677a28631d10389354c491 as process 3652
2024-03-25 14:59:52 0 [Note] InnoDB: Mutexes and rw_locks use Windows interlocked functions
2024-03-25 14:59:52 0 [Note] InnoDB: Uses event mutexes
2024-03-25 14:59:52 0 [Note] InnoDB: Compressed tables use zlib 1.3
2024-03-25 14:59:52 0 [Note] InnoDB: Number of pools: 1
2024-03-25 14:59:52 0 [Note] InnoDB: Using SSE2 crc32 instructions
2024-03-25 14:59:52 0 [Note] InnoDB: Initializing buffer pool, total size = 16M, instances = 1, chunk size = 16M
2024-03-25 14:59:52 0 [Note] InnoDB: Completed initialization of buffer pool
2024-03-25 14:59:52 0 [Note] InnoDB: Starting crash recovery from checkpoint LSN=366783
2024-03-25 14:59:52 0 [Note] InnoDB: 128 out of 128 rollback segments are active.
2024-03-25 14:59:52 0 [Note] InnoDB: Removed temporary tablespace data file: "ibtmp1"
2024-03-25 14:59:52 0 [Note] InnoDB: Creating shared tablespace for temporary tables
2024-03-25 14:59:52 0 [Note] InnoDB: Setting file 'C:\xampp\mysql\data\ibtmp1' size to 12 MB. Physically writing the file full; Please wait ...
2024-03-25 14:59:52 0 [Note] InnoDB: File 'C:\xampp\mysql\data\ibtmp1' size is now 12 MB.
2024-03-25 14:59:52 0 [Note] InnoDB: Waiting for purge to start
2024-03-25 14:59:52 0 [Note] InnoDB: 10.4.32 started; log sequence number 366792; transaction id 365
2024-03-25 14:59:52 0 [Note] InnoDB: Loading buffer pool(s) from C:\xampp\mysql\data\ib_buffer_pool
2024-03-25 14:59:52 0 [Note] Plugin 'FEEDBACK' is disabled.
2024-03-25 14:59:52 0 [Note] Server socket created on IP: '::'.
2024-03-25 15:02:17 0 [Note] Starting MariaDB 10.4.32-MariaDB source revision c4143f909528e3fab0677a28631d10389354c491 as process 19232
2024-03-25 15:02:17 0 [Note] InnoDB: Mutexes and rw_locks use Windows interlocked functions
2024-03-25 15:02:17 0 [Note] InnoDB: Uses event mutexes
2024-03-25 15:02:17 0 [Note] InnoDB: Compressed tables use zlib 1.3
2024-03-25 15:02:17 0 [Note] InnoDB: Number of pools: 1
2024-03-25 15:02:17 0 [Note] InnoDB: Using SSE2 crc32 instructions
2024-03-25 15:02:17 0 [Note] InnoDB: Initializing buffer pool, total size = 16M, instances = 1, chunk size = 16M
2024-03-25 15:02:17 0 [Note] InnoDB: Completed initialization of buffer pool
2024-03-25 15:02:17 0 [Note] InnoDB: Starting crash recovery from checkpoint LSN=366783
2024-03-25 15:02:17 0 [Note] InnoDB: 128 out of 128 rollback segments are active.
2024-03-25 15:02:17 0 [Note] InnoDB: Removed temporary tablespace data file: "ibtmp1"
2024-03-25 15:02:17 0 [Note] InnoDB: Creating shared tablespace for temporary tables
2024-03-25 15:02:17 0 [Note] InnoDB: Setting file 'C:\xampp\mysql\data\ibtmp1' size to 12 MB. Physically writing the file full; Please wait ...
2024-03-25 15:02:17 0 [Note] InnoDB: File 'C:\xampp\mysql\data\ibtmp1' size is now 12 MB.
2024-03-25 15:02:17 0 [Note] InnoDB: Waiting for purge to start
2024-03-25 15:02:17 0 [Note] InnoDB: 10.4.32 started; log sequence number 366792; transaction id 365
2024-03-25 15:02:17 0 [Note] InnoDB: Loading buffer pool(s) from C:\xampp\mysql\data\ib_buffer_pool
2024-03-25 15:02:17 0 [Note] Plugin 'FEEDBACK' is disabled.
2024-03-25 15:02:17 0 [Note] Server socket created on IP: '::'.
2024-03-25 17:05:33 0 [Note] Starting MariaDB 10.4.32-MariaDB source revision c4143f909528e3fab0677a28631d10389354c491 as process 16276
2024-03-25 17:05:33 0 [Note] InnoDB: Mutexes and rw_locks use Windows interlocked functions
2024-03-25 17:05:33 0 [Note] InnoDB: Uses event mutexes
2024-03-25 17:05:33 0 [Note] InnoDB: Compressed tables use zlib 1.3
2024-03-25 17:05:33 0 [Note] InnoDB: Number of pools: 1
2024-03-25 17:05:33 0 [Note] InnoDB: Using SSE2 crc32 instructions
2024-03-25 17:05:33 0 [Note] InnoDB: Initializing buffer pool, total size = 16M, instances = 1, chunk size = 16M
2024-03-25 17:05:33 0 [Note] InnoDB: Completed initialization of buffer pool
2024-03-25 17:05:33 0 [Note] InnoDB: Starting crash recovery from checkpoint LSN=367215
2024-03-25 17:05:34 0 [Note] InnoDB: 128 out of 128 rollback segments are active.
2024-03-25 17:05:34 0 [Note] InnoDB: Removed temporary tablespace data file: "ibtmp1"
2024-03-25 17:05:34 0 [Note] InnoDB: Creating shared tablespace for temporary tables
2024-03-25 17:05:34 0 [Note] InnoDB: Setting file 'C:\xampp\mysql\data\ibtmp1' size to 12 MB. Physically writing the file full; Please wait ...
2024-03-25 17:05:34 0 [Note] InnoDB: File 'C:\xampp\mysql\data\ibtmp1' size is now 12 MB.
2024-03-25 17:05:34 0 [Note] InnoDB: Waiting for purge to start
2024-03-25 17:05:34 0 [Note] InnoDB: 10.4.32 started; log sequence number 367224; transaction id 390
2024-03-25 17:05:34 0 [Note] InnoDB: Loading buffer pool(s) from C:\xampp\mysql\data\ib_buffer_pool
2024-03-25 17:05:34 0 [Note] Plugin 'FEEDBACK' is disabled.
2024-03-25 17:05:34 0 [Note] Server socket created on IP: '::'.
2024-03-27 19:21:18 0 [Note] Starting MariaDB 10.4.32-MariaDB source revision c4143f909528e3fab0677a28631d10389354c491 as process 20440
2024-03-27 19:21:18 0 [Note] InnoDB: Mutexes and rw_locks use Windows interlocked functions
2024-03-27 19:21:18 0 [Note] InnoDB: Uses event mutexes
2024-03-27 19:21:18 0 [Note] InnoDB: Compressed tables use zlib 1.3
2024-03-27 19:21:18 0 [Note] InnoDB: Number of pools: 1
2024-03-27 19:21:18 0 [Note] InnoDB: Using SSE2 crc32 instructions
2024-03-27 19:21:18 0 [Note] InnoDB: Initializing buffer pool, total size = 16M, instances = 1, chunk size = 16M
2024-03-27 19:21:18 0 [Note] InnoDB: Completed initialization of buffer pool
2024-03-27 19:21:18 0 [Note] InnoDB: Starting crash recovery from checkpoint LSN=370846
2024-03-27 19:21:18 0 [Note] InnoDB: 128 out of 128 rollback segments are active.
2024-03-27 19:21:18 0 [Note] InnoDB: Removed temporary tablespace data file: "ibtmp1"
2024-03-27 19:21:18 0 [Note] InnoDB: Creating shared tablespace for temporary tables
2024-03-27 19:21:18 0 [Note] InnoDB: Setting file 'C:\xampp\mysql\data\ibtmp1' size to 12 MB. Physically writing the file full; Please wait ...
2024-03-27 19:21:18 0 [Note] InnoDB: File 'C:\xampp\mysql\data\ibtmp1' size is now 12 MB.
2024-03-27 19:21:18 0 [Note] InnoDB: Waiting for purge to start
2024-03-27 19:21:18 0 [Note] InnoDB: 10.4.32 started; log sequence number 370855; transaction id 427
2024-03-27 19:21:18 0 [Note] InnoDB: Loading buffer pool(s) from C:\xampp\mysql\data\ib_buffer_pool
2024-03-27 19:21:18 0 [Note] Plugin 'FEEDBACK' is disabled.
2024-03-27 19:21:18 0 [Note] Server socket created on IP: '::'.
